[26-May-2024 15:09:30 UTC] PHP Warning:  Undefined variable $undefined_variable in /home/u173063727/domains/escolajoseranieri.net.br/public_html/test_error_log.php on line 12
[26-May-2024 15:09:32 UTC] PHP Warning:  Undefined variable $undefined_variable in /home/u173063727/domains/escolajoseranieri.net.br/public_html/test_error_log.php on line 12
[26-May-2024 15:11:29 UTC] PHP Warning:  Undefined variable $undefined_variable in /home/u173063727/domains/escolajoseranieri.net.br/public_html/test_error_log.php on line 12
[26-May-2024 15:11:31 UTC] PHP Warning:  Undefined variable $undefined_variable in /home/u173063727/domains/escolajoseranieri.net.br/public_html/test_error_log.php on line 12
[26-May-2024 17:20:44 UTC] PHP Warning:  Undefined variable $undefined_variable in /home/u173063727/domains/escolajoseranieri.net.br/public_html/test_error_log.php on line 12
[26-May-2024 17:29:46 UTC] PHP Warning:  Undefined variable $undefined_variable in /home/u173063727/domains/escolajoseranieri.net.br/public_html/test_error_log.php on line 12
[26-May-2024 20:22:55 UTC] PHP Warning:  require_once(config/config.php): Failed to open stream: No such file or directory in /home/u173063727/domains/escolajoseranieri.net.br/public_html/app_historia/index_historia.php on line 3
[26-May-2024 20:22:55 UTC] PHP Fatal error:  Uncaught Error: Failed opening required 'config/config.php' (include_path='.:/opt/alt/php80/usr/share/pear:/opt/alt/php80/usr/share/php:/usr/share/pear:/usr/share/php') in /home/u173063727/domains/escolajoseranieri.net.br/public_html/app_historia/index_historia.php:3
Stack trace:
#0 {main}
  thrown in /home/u173063727/domains/escolajoseranieri.net.br/public_html/app_historia/index_historia.php on line 3
[26-May-2024 20:25:12 UTC] PHP Warning:  require_once(/home/u173063727/domains/escolajoseranieri.net.br/public_html/app_historia/config/config.php): Failed to open stream: No such file or directory in /home/u173063727/domains/escolajoseranieri.net.br/public_html/app_historia/index_historia.php on line 3
[26-May-2024 20:25:12 UTC] PHP Fatal error:  Uncaught Error: Failed opening required '/home/u173063727/domains/escolajoseranieri.net.br/public_html/app_historia/config/config.php' (include_path='.:/opt/alt/php80/usr/share/pear:/opt/alt/php80/usr/share/php:/usr/share/pear:/usr/share/php') in /home/u173063727/domains/escolajoseranieri.net.br/public_html/app_historia/index_historia.php:3
Stack trace:
#0 {main}
  thrown in /home/u173063727/domains/escolajoseranieri.net.br/public_html/app_historia/index_historia.php on line 3
[26-May-2024 20:26:18 UTC] PHP Warning:  include(/config/config.php): Failed to open stream: No such file or directory in /home/u173063727/domains/escolajoseranieri.net.br/public_html/app_historia/index_historia.php on line 3
[26-May-2024 20:26:18 UTC] PHP Warning:  include(): Failed opening '/config/config.php' for inclusion (include_path='.:/opt/alt/php80/usr/share/pear:/opt/alt/php80/usr/share/php:/usr/share/pear:/usr/share/php') in /home/u173063727/domains/escolajoseranieri.net.br/public_html/app_historia/index_historia.php on line 3
[26-May-2024 20:26:18 UTC] PHP Warning:  include(./includes/head/head.php): Failed to open stream: No such file or directory in /home/u173063727/domains/escolajoseranieri.net.br/public_html/app_historia/index_historia.php on line 12
[26-May-2024 20:26:18 UTC] PHP Warning:  include(): Failed opening './includes/head/head.php' for inclusion (include_path='.:/opt/alt/php80/usr/share/pear:/opt/alt/php80/usr/share/php:/usr/share/pear:/usr/share/php') in /home/u173063727/domains/escolajoseranieri.net.br/public_html/app_historia/index_historia.php on line 12
[26-May-2024 20:26:18 UTC] PHP Warning:  include(./includes/header/header.php): Failed to open stream: No such file or directory in /home/u173063727/domains/escolajoseranieri.net.br/public_html/app_historia/index_historia.php on line 18
[26-May-2024 20:26:18 UTC] PHP Warning:  include(): Failed opening './includes/header/header.php' for inclusion (include_path='.:/opt/alt/php80/usr/share/pear:/opt/alt/php80/usr/share/php:/usr/share/pear:/usr/share/php') in /home/u173063727/domains/escolajoseranieri.net.br/public_html/app_historia/index_historia.php on line 18
[26-May-2024 20:26:18 UTC] PHP Warning:  include(./includes/alert/alert.php): Failed to open stream: No such file or directory in /home/u173063727/domains/escolajoseranieri.net.br/public_html/app_historia/index_historia.php on line 24
[26-May-2024 20:26:18 UTC] PHP Warning:  include(): Failed opening './includes/alert/alert.php' for inclusion (include_path='.:/opt/alt/php80/usr/share/pear:/opt/alt/php80/usr/share/php:/usr/share/pear:/usr/share/php') in /home/u173063727/domains/escolajoseranieri.net.br/public_html/app_historia/index_historia.php on line 24
[26-May-2024 20:26:18 UTC] PHP Warning:  include(./includes/tema/tema.php): Failed to open stream: No such file or directory in /home/u173063727/domains/escolajoseranieri.net.br/public_html/app_historia/index_historia.php on line 30
[26-May-2024 20:26:18 UTC] PHP Warning:  include(): Failed opening './includes/tema/tema.php' for inclusion (include_path='.:/opt/alt/php80/usr/share/pear:/opt/alt/php80/usr/share/php:/usr/share/pear:/usr/share/php') in /home/u173063727/domains/escolajoseranieri.net.br/public_html/app_historia/index_historia.php on line 30
[26-May-2024 20:26:18 UTC] PHP Warning:  include(./includes/navbar/navbar.php): Failed to open stream: No such file or directory in /home/u173063727/domains/escolajoseranieri.net.br/public_html/app_historia/index_historia.php on line 36
[26-May-2024 20:26:18 UTC] PHP Warning:  include(): Failed opening './includes/navbar/navbar.php' for inclusion (include_path='.:/opt/alt/php80/usr/share/pear:/opt/alt/php80/usr/share/php:/usr/share/pear:/usr/share/php') in /home/u173063727/domains/escolajoseranieri.net.br/public_html/app_historia/index_historia.php on line 36
[26-May-2024 20:26:18 UTC] PHP Warning:  include(./app_historia/main_historia1.php): Failed to open stream: No such file or directory in /home/u173063727/domains/escolajoseranieri.net.br/public_html/app_historia/index_historia.php on line 42
[26-May-2024 20:26:18 UTC] PHP Warning:  include(): Failed opening './app_historia/main_historia1.php' for inclusion (include_path='.:/opt/alt/php80/usr/share/pear:/opt/alt/php80/usr/share/php:/usr/share/pear:/usr/share/php') in /home/u173063727/domains/escolajoseranieri.net.br/public_html/app_historia/index_historia.php on line 42
[26-May-2024 20:26:18 UTC] PHP Warning:  include(./includes/extras/slide_placas_turmas.php): Failed to open stream: No such file or directory in /home/u173063727/domains/escolajoseranieri.net.br/public_html/app_historia/index_historia.php on line 48
[26-May-2024 20:26:18 UTC] PHP Warning:  include(): Failed opening './includes/extras/slide_placas_turmas.php' for inclusion (include_path='.:/opt/alt/php80/usr/share/pear:/opt/alt/php80/usr/share/php:/usr/share/pear:/usr/share/php') in /home/u173063727/domains/escolajoseranieri.net.br/public_html/app_historia/index_historia.php on line 48
[26-May-2024 20:26:18 UTC] PHP Warning:  include(./includes/footer/footer.php): Failed to open stream: No such file or directory in /home/u173063727/domains/escolajoseranieri.net.br/public_html/app_historia/index_historia.php on line 54
[26-May-2024 20:26:18 UTC] PHP Warning:  include(): Failed opening './includes/footer/footer.php' for inclusion (include_path='.:/opt/alt/php80/usr/share/pear:/opt/alt/php80/usr/share/php:/usr/share/pear:/usr/share/php') in /home/u173063727/domains/escolajoseranieri.net.br/public_html/app_historia/index_historia.php on line 54
[26-May-2024 20:26:18 UTC] PHP Warning:  include(./includes/foot/foot.php): Failed to open stream: No such file or directory in /home/u173063727/domains/escolajoseranieri.net.br/public_html/app_historia/index_historia.php on line 60
[26-May-2024 20:26:18 UTC] PHP Warning:  include(): Failed opening './includes/foot/foot.php' for inclusion (include_path='.:/opt/alt/php80/usr/share/pear:/opt/alt/php80/usr/share/php:/usr/share/pear:/usr/share/php') in /home/u173063727/domains/escolajoseranieri.net.br/public_html/app_historia/index_historia.php on line 60
[26-May-2024 20:28:57 UTC] PHP Warning:  include(/config/config.php): Failed to open stream: No such file or directory in /home/u173063727/domains/escolajoseranieri.net.br/public_html/app_historia/index_historia.php on line 3
[26-May-2024 20:28:57 UTC] PHP Warning:  include(): Failed opening '/config/config.php' for inclusion (include_path='.:/opt/alt/php80/usr/share/pear:/opt/alt/php80/usr/share/php:/usr/share/pear:/usr/share/php') in /home/u173063727/domains/escolajoseranieri.net.br/public_html/app_historia/index_historia.php on line 3
[26-May-2024 20:28:57 UTC] PHP Warning:  include(./includes/head/head.php): Failed to open stream: No such file or directory in /home/u173063727/domains/escolajoseranieri.net.br/public_html/app_historia/index_historia.php on line 12
[26-May-2024 20:28:57 UTC] PHP Warning:  include(): Failed opening './includes/head/head.php' for inclusion (include_path='.:/opt/alt/php80/usr/share/pear:/opt/alt/php80/usr/share/php:/usr/share/pear:/usr/share/php') in /home/u173063727/domains/escolajoseranieri.net.br/public_html/app_historia/index_historia.php on line 12
[26-May-2024 20:28:57 UTC] PHP Warning:  include(./includes/header/header.php): Failed to open stream: No such file or directory in /home/u173063727/domains/escolajoseranieri.net.br/public_html/app_historia/index_historia.php on line 18
[26-May-2024 20:28:57 UTC] PHP Warning:  include(): Failed opening './includes/header/header.php' for inclusion (include_path='.:/opt/alt/php80/usr/share/pear:/opt/alt/php80/usr/share/php:/usr/share/pear:/usr/share/php') in /home/u173063727/domains/escolajoseranieri.net.br/public_html/app_historia/index_historia.php on line 18
[26-May-2024 20:28:57 UTC] PHP Warning:  include(./includes/alert/alert.php): Failed to open stream: No such file or directory in /home/u173063727/domains/escolajoseranieri.net.br/public_html/app_historia/index_historia.php on line 24
[26-May-2024 20:28:57 UTC] PHP Warning:  include(): Failed opening './includes/alert/alert.php' for inclusion (include_path='.:/opt/alt/php80/usr/share/pear:/opt/alt/php80/usr/share/php:/usr/share/pear:/usr/share/php') in /home/u173063727/domains/escolajoseranieri.net.br/public_html/app_historia/index_historia.php on line 24
[26-May-2024 20:28:57 UTC] PHP Warning:  include(./includes/tema/tema.php): Failed to open stream: No such file or directory in /home/u173063727/domains/escolajoseranieri.net.br/public_html/app_historia/index_historia.php on line 30
[26-May-2024 20:28:57 UTC] PHP Warning:  include(): Failed opening './includes/tema/tema.php' for inclusion (include_path='.:/opt/alt/php80/usr/share/pear:/opt/alt/php80/usr/share/php:/usr/share/pear:/usr/share/php') in /home/u173063727/domains/escolajoseranieri.net.br/public_html/app_historia/index_historia.php on line 30
[26-May-2024 20:28:57 UTC] PHP Warning:  include(./includes/navbar/navbar.php): Failed to open stream: No such file or directory in /home/u173063727/domains/escolajoseranieri.net.br/public_html/app_historia/index_historia.php on line 36
[26-May-2024 20:28:57 UTC] PHP Warning:  include(): Failed opening './includes/navbar/navbar.php' for inclusion (include_path='.:/opt/alt/php80/usr/share/pear:/opt/alt/php80/usr/share/php:/usr/share/pear:/usr/share/php') in /home/u173063727/domains/escolajoseranieri.net.br/public_html/app_historia/index_historia.php on line 36
[26-May-2024 20:28:57 UTC] PHP Warning:  include(./app_historia/main_historia1.php): Failed to open stream: No such file or directory in /home/u173063727/domains/escolajoseranieri.net.br/public_html/app_historia/index_historia.php on line 42
[26-May-2024 20:28:57 UTC] PHP Warning:  include(): Failed opening './app_historia/main_historia1.php' for inclusion (include_path='.:/opt/alt/php80/usr/share/pear:/opt/alt/php80/usr/share/php:/usr/share/pear:/usr/share/php') in /home/u173063727/domains/escolajoseranieri.net.br/public_html/app_historia/index_historia.php on line 42
[26-May-2024 20:28:57 UTC] PHP Warning:  include(./includes/extras/slide_placas_turmas.php): Failed to open stream: No such file or directory in /home/u173063727/domains/escolajoseranieri.net.br/public_html/app_historia/index_historia.php on line 48
[26-May-2024 20:28:57 UTC] PHP Warning:  include(): Failed opening './includes/extras/slide_placas_turmas.php' for inclusion (include_path='.:/opt/alt/php80/usr/share/pear:/opt/alt/php80/usr/share/php:/usr/share/pear:/usr/share/php') in /home/u173063727/domains/escolajoseranieri.net.br/public_html/app_historia/index_historia.php on line 48
[26-May-2024 20:28:57 UTC] PHP Warning:  include(./includes/footer/footer.php): Failed to open stream: No such file or directory in /home/u173063727/domains/escolajoseranieri.net.br/public_html/app_historia/index_historia.php on line 54
[26-May-2024 20:28:57 UTC] PHP Warning:  include(): Failed opening './includes/footer/footer.php' for inclusion (include_path='.:/opt/alt/php80/usr/share/pear:/opt/alt/php80/usr/share/php:/usr/share/pear:/usr/share/php') in /home/u173063727/domains/escolajoseranieri.net.br/public_html/app_historia/index_historia.php on line 54
[26-May-2024 20:28:57 UTC] PHP Warning:  include(./includes/foot/foot.php): Failed to open stream: No such file or directory in /home/u173063727/domains/escolajoseranieri.net.br/public_html/app_historia/index_historia.php on line 60
[26-May-2024 20:28:57 UTC] PHP Warning:  include(): Failed opening './includes/foot/foot.php' for inclusion (include_path='.:/opt/alt/php80/usr/share/pear:/opt/alt/php80/usr/share/php:/usr/share/pear:/usr/share/php') in /home/u173063727/domains/escolajoseranieri.net.br/public_html/app_historia/index_historia.php on line 60
[26-May-2024 20:33:58 UTC] PHP Warning:  include(/config/config.php): Failed to open stream: No such file or directory in /home/u173063727/domains/escolajoseranieri.net.br/public_html/app_historia/index_historia.php on line 3
[26-May-2024 20:33:58 UTC] PHP Warning:  include(): Failed opening '/config/config.php' for inclusion (include_path='.:/opt/alt/php80/usr/share/pear:/opt/alt/php80/usr/share/php:/usr/share/pear:/usr/share/php') in /home/u173063727/domains/escolajoseranieri.net.br/public_html/app_historia/index_historia.php on line 3
[26-May-2024 20:33:58 UTC] PHP Warning:  include(./includes/head/head.php): Failed to open stream: No such file or directory in /home/u173063727/domains/escolajoseranieri.net.br/public_html/app_historia/index_historia.php on line 12
[26-May-2024 20:33:58 UTC] PHP Warning:  include(): Failed opening './includes/head/head.php' for inclusion (include_path='.:/opt/alt/php80/usr/share/pear:/opt/alt/php80/usr/share/php:/usr/share/pear:/usr/share/php') in /home/u173063727/domains/escolajoseranieri.net.br/public_html/app_historia/index_historia.php on line 12
[26-May-2024 20:33:58 UTC] PHP Warning:  include(./includes/header/header.php): Failed to open stream: No such file or directory in /home/u173063727/domains/escolajoseranieri.net.br/public_html/app_historia/index_historia.php on line 18
[26-May-2024 20:33:58 UTC] PHP Warning:  include(): Failed opening './includes/header/header.php' for inclusion (include_path='.:/opt/alt/php80/usr/share/pear:/opt/alt/php80/usr/share/php:/usr/share/pear:/usr/share/php') in /home/u173063727/domains/escolajoseranieri.net.br/public_html/app_historia/index_historia.php on line 18
[26-May-2024 20:33:58 UTC] PHP Warning:  include(./includes/alert/alert.php): Failed to open stream: No such file or directory in /home/u173063727/domains/escolajoseranieri.net.br/public_html/app_historia/index_historia.php on line 24
[26-May-2024 20:33:58 UTC] PHP Warning:  include(): Failed opening './includes/alert/alert.php' for inclusion (include_path='.:/opt/alt/php80/usr/share/pear:/opt/alt/php80/usr/share/php:/usr/share/pear:/usr/share/php') in /home/u173063727/domains/escolajoseranieri.net.br/public_html/app_historia/index_historia.php on line 24
[26-May-2024 20:33:58 UTC] PHP Warning:  include(./includes/tema/tema.php): Failed to open stream: No such file or directory in /home/u173063727/domains/escolajoseranieri.net.br/public_html/app_historia/index_historia.php on line 30
[26-May-2024 20:33:58 UTC] PHP Warning:  include(): Failed opening './includes/tema/tema.php' for inclusion (include_path='.:/opt/alt/php80/usr/share/pear:/opt/alt/php80/usr/share/php:/usr/share/pear:/usr/share/php') in /home/u173063727/domains/escolajoseranieri.net.br/public_html/app_historia/index_historia.php on line 30
[26-May-2024 20:33:58 UTC] PHP Warning:  include(./includes/navbar/navbar.php): Failed to open stream: No such file or directory in /home/u173063727/domains/escolajoseranieri.net.br/public_html/app_historia/index_historia.php on line 36
[26-May-2024 20:33:58 UTC] PHP Warning:  include(): Failed opening './includes/navbar/navbar.php' for inclusion (include_path='.:/opt/alt/php80/usr/share/pear:/opt/alt/php80/usr/share/php:/usr/share/pear:/usr/share/php') in /home/u173063727/domains/escolajoseranieri.net.br/public_html/app_historia/index_historia.php on line 36
[26-May-2024 20:33:58 UTC] PHP Warning:  include(./app_historia/main_historia1.php): Failed to open stream: No such file or directory in /home/u173063727/domains/escolajoseranieri.net.br/public_html/app_historia/index_historia.php on line 42
[26-May-2024 20:33:58 UTC] PHP Warning:  include(): Failed opening './app_historia/main_historia1.php' for inclusion (include_path='.:/opt/alt/php80/usr/share/pear:/opt/alt/php80/usr/share/php:/usr/share/pear:/usr/share/php') in /home/u173063727/domains/escolajoseranieri.net.br/public_html/app_historia/index_historia.php on line 42
[26-May-2024 20:33:58 UTC] PHP Warning:  include(./includes/extras/slide_placas_turmas.php): Failed to open stream: No such file or directory in /home/u173063727/domains/escolajoseranieri.net.br/public_html/app_historia/index_historia.php on line 48
[26-May-2024 20:33:58 UTC] PHP Warning:  include(): Failed opening './includes/extras/slide_placas_turmas.php' for inclusion (include_path='.:/opt/alt/php80/usr/share/pear:/opt/alt/php80/usr/share/php:/usr/share/pear:/usr/share/php') in /home/u173063727/domains/escolajoseranieri.net.br/public_html/app_historia/index_historia.php on line 48
[26-May-2024 20:33:58 UTC] PHP Warning:  include(./includes/footer/footer.php): Failed to open stream: No such file or directory in /home/u173063727/domains/escolajoseranieri.net.br/public_html/app_historia/index_historia.php on line 54
[26-May-2024 20:33:58 UTC] PHP Warning:  include(): Failed opening './includes/footer/footer.php' for inclusion (include_path='.:/opt/alt/php80/usr/share/pear:/opt/alt/php80/usr/share/php:/usr/share/pear:/usr/share/php') in /home/u173063727/domains/escolajoseranieri.net.br/public_html/app_historia/index_historia.php on line 54
[26-May-2024 20:33:58 UTC] PHP Warning:  include(./includes/foot/foot.php): Failed to open stream: No such file or directory in /home/u173063727/domains/escolajoseranieri.net.br/public_html/app_historia/index_historia.php on line 60
[26-May-2024 20:33:58 UTC] PHP Warning:  include(): Failed opening './includes/foot/foot.php' for inclusion (include_path='.:/opt/alt/php80/usr/share/pear:/opt/alt/php80/usr/share/php:/usr/share/pear:/usr/share/php') in /home/u173063727/domains/escolajoseranieri.net.br/public_html/app_historia/index_historia.php on line 60
[26-May-2024 20:37:18 UTC] PHP Warning:  include(/config/config.php): Failed to open stream: No such file or directory in /home/u173063727/domains/escolajoseranieri.net.br/public_html/app_historia/index_historia.php on line 3
[26-May-2024 20:37:18 UTC] PHP Warning:  include(): Failed opening '/config/config.php' for inclusion (include_path='.:/opt/alt/php80/usr/share/pear:/opt/alt/php80/usr/share/php:/usr/share/pear:/usr/share/php') in /home/u173063727/domains/escolajoseranieri.net.br/public_html/app_historia/index_historia.php on line 3
[26-May-2024 20:37:18 UTC] PHP Warning:  include(./includes/head/head.php): Failed to open stream: No such file or directory in /home/u173063727/domains/escolajoseranieri.net.br/public_html/app_historia/index_historia.php on line 12
[26-May-2024 20:37:18 UTC] PHP Warning:  include(): Failed opening './includes/head/head.php' for inclusion (include_path='.:/opt/alt/php80/usr/share/pear:/opt/alt/php80/usr/share/php:/usr/share/pear:/usr/share/php') in /home/u173063727/domains/escolajoseranieri.net.br/public_html/app_historia/index_historia.php on line 12
[26-May-2024 20:37:18 UTC] PHP Warning:  include(./includes/header/header.php): Failed to open stream: No such file or directory in /home/u173063727/domains/escolajoseranieri.net.br/public_html/app_historia/index_historia.php on line 18
[26-May-2024 20:37:18 UTC] PHP Warning:  include(): Failed opening './includes/header/header.php' for inclusion (include_path='.:/opt/alt/php80/usr/share/pear:/opt/alt/php80/usr/share/php:/usr/share/pear:/usr/share/php') in /home/u173063727/domains/escolajoseranieri.net.br/public_html/app_historia/index_historia.php on line 18
[26-May-2024 20:37:18 UTC] PHP Warning:  include(./includes/alert/alert.php): Failed to open stream: No such file or directory in /home/u173063727/domains/escolajoseranieri.net.br/public_html/app_historia/index_historia.php on line 24
[26-May-2024 20:37:18 UTC] PHP Warning:  include(): Failed opening './includes/alert/alert.php' for inclusion (include_path='.:/opt/alt/php80/usr/share/pear:/opt/alt/php80/usr/share/php:/usr/share/pear:/usr/share/php') in /home/u173063727/domains/escolajoseranieri.net.br/public_html/app_historia/index_historia.php on line 24
[26-May-2024 20:37:18 UTC] PHP Warning:  include(./includes/tema/tema.php): Failed to open stream: No such file or directory in /home/u173063727/domains/escolajoseranieri.net.br/public_html/app_historia/index_historia.php on line 30
[26-May-2024 20:37:18 UTC] PHP Warning:  include(): Failed opening './includes/tema/tema.php' for inclusion (include_path='.:/opt/alt/php80/usr/share/pear:/opt/alt/php80/usr/share/php:/usr/share/pear:/usr/share/php') in /home/u173063727/domains/escolajoseranieri.net.br/public_html/app_historia/index_historia.php on line 30
[26-May-2024 20:37:18 UTC] PHP Warning:  include(./includes/navbar/navbar.php): Failed to open stream: No such file or directory in /home/u173063727/domains/escolajoseranieri.net.br/public_html/app_historia/index_historia.php on line 36
[26-May-2024 20:37:18 UTC] PHP Warning:  include(): Failed opening './includes/navbar/navbar.php' for inclusion (include_path='.:/opt/alt/php80/usr/share/pear:/opt/alt/php80/usr/share/php:/usr/share/pear:/usr/share/php') in /home/u173063727/domains/escolajoseranieri.net.br/public_html/app_historia/index_historia.php on line 36
[26-May-2024 20:37:18 UTC] PHP Warning:  include(./app_historia/main_historia1.php): Failed to open stream: No such file or directory in /home/u173063727/domains/escolajoseranieri.net.br/public_html/app_historia/index_historia.php on line 42
[26-May-2024 20:37:18 UTC] PHP Warning:  include(): Failed opening './app_historia/main_historia1.php' for inclusion (include_path='.:/opt/alt/php80/usr/share/pear:/opt/alt/php80/usr/share/php:/usr/share/pear:/usr/share/php') in /home/u173063727/domains/escolajoseranieri.net.br/public_html/app_historia/index_historia.php on line 42
[26-May-2024 20:37:18 UTC] PHP Warning:  include(./includes/extras/slide_placas_turmas.php): Failed to open stream: No such file or directory in /home/u173063727/domains/escolajoseranieri.net.br/public_html/app_historia/index_historia.php on line 48
[26-May-2024 20:37:18 UTC] PHP Warning:  include(): Failed opening './includes/extras/slide_placas_turmas.php' for inclusion (include_path='.:/opt/alt/php80/usr/share/pear:/opt/alt/php80/usr/share/php:/usr/share/pear:/usr/share/php') in /home/u173063727/domains/escolajoseranieri.net.br/public_html/app_historia/index_historia.php on line 48
[26-May-2024 20:37:18 UTC] PHP Warning:  include(./includes/footer/footer.php): Failed to open stream: No such file or directory in /home/u173063727/domains/escolajoseranieri.net.br/public_html/app_historia/index_historia.php on line 54
[26-May-2024 20:37:18 UTC] PHP Warning:  include(): Failed opening './includes/footer/footer.php' for inclusion (include_path='.:/opt/alt/php80/usr/share/pear:/opt/alt/php80/usr/share/php:/usr/share/pear:/usr/share/php') in /home/u173063727/domains/escolajoseranieri.net.br/public_html/app_historia/index_historia.php on line 54
[26-May-2024 20:37:18 UTC] PHP Warning:  include(./includes/foot/foot.php): Failed to open stream: No such file or directory in /home/u173063727/domains/escolajoseranieri.net.br/public_html/app_historia/index_historia.php on line 60
[26-May-2024 20:37:18 UTC] PHP Warning:  include(): Failed opening './includes/foot/foot.php' for inclusion (include_path='.:/opt/alt/php80/usr/share/pear:/opt/alt/php80/usr/share/php:/usr/share/pear:/usr/share/php') in /home/u173063727/domains/escolajoseranieri.net.br/public_html/app_historia/index_historia.php on line 60
[26-May-2024 20:42:46 UTC] PHP Warning:  require_once(../../config/common.php): Failed to open stream: No such file or directory in /home/u173063727/domains/escolajoseranieri.net.br/public_html/app_historia/config/config.php on line 2
[26-May-2024 20:42:46 UTC] PHP Fatal error:  Uncaught Error: Failed opening required '../../config/common.php' (include_path='.:/opt/alt/php80/usr/share/pear:/opt/alt/php80/usr/share/php:/usr/share/pear:/usr/share/php') in /home/u173063727/domains/escolajoseranieri.net.br/public_html/app_historia/config/config.php:2
Stack trace:
#0 /home/u173063727/domains/escolajoseranieri.net.br/public_html/app_historia/index_historia.php(3): require_once()
#1 {main}
  thrown in /home/u173063727/domains/escolajoseranieri.net.br/public_html/app_historia/config/config.php on line 2
[26-May-2024 20:44:53 UTC] PHP Warning:  require_once(../../config/common.php): Failed to open stream: No such file or directory in /home/u173063727/domains/escolajoseranieri.net.br/public_html/app_historia/config/config.php on line 2
[26-May-2024 20:44:53 UTC] PHP Fatal error:  Uncaught Error: Failed opening required '../../config/common.php' (include_path='.:/opt/alt/php80/usr/share/pear:/opt/alt/php80/usr/share/php:/usr/share/pear:/usr/share/php') in /home/u173063727/domains/escolajoseranieri.net.br/public_html/app_historia/config/config.php:2
Stack trace:
#0 /home/u173063727/domains/escolajoseranieri.net.br/public_html/app_historia/index_historia.php(3): require_once()
#1 {main}
  thrown in /home/u173063727/domains/escolajoseranieri.net.br/public_html/app_historia/config/config.php on line 2
[26-May-2024 20:48:25 UTC] PHP Warning:  include(naveg_historia.php): Failed to open stream: No such file or directory in /home/u173063727/domains/escolajoseranieri.net.br/public_html/app_historia/inc_historia1.php on line 10
[26-May-2024 20:48:25 UTC] PHP Warning:  include(): Failed opening 'naveg_historia.php' for inclusion (include_path='.:/opt/alt/php80/usr/share/pear:/opt/alt/php80/usr/share/php:/usr/share/pear:/usr/share/php') in /home/u173063727/domains/escolajoseranieri.net.br/public_html/app_historia/inc_historia1.php on line 10
[26-May-2024 20:50:10 UTC] PHP Warning:  include(naveg_historia.php): Failed to open stream: No such file or directory in /home/u173063727/domains/escolajoseranieri.net.br/public_html/app_historia/inc_historia1.php on line 10
[26-May-2024 20:50:10 UTC] PHP Warning:  include(): Failed opening 'naveg_historia.php' for inclusion (include_path='.:/opt/alt/php80/usr/share/pear:/opt/alt/php80/usr/share/php:/usr/share/pear:/usr/share/php') in /home/u173063727/domains/escolajoseranieri.net.br/public_html/app_historia/inc_historia1.php on line 10
[26-May-2024 20:50:20 UTC] PHP Warning:  include(naveg_historia.php): Failed to open stream: No such file or directory in /home/u173063727/domains/escolajoseranieri.net.br/public_html/app_historia/inc_historia1.php on line 10
[26-May-2024 20:50:20 UTC] PHP Warning:  include(): Failed opening 'naveg_historia.php' for inclusion (include_path='.:/opt/alt/php80/usr/share/pear:/opt/alt/php80/usr/share/php:/usr/share/pear:/usr/share/php') in /home/u173063727/domains/escolajoseranieri.net.br/public_html/app_historia/inc_historia1.php on line 10
[26-May-2024 20:50:30 UTC] PHP Warning:  include(naveg_historia.php): Failed to open stream: No such file or directory in /home/u173063727/domains/escolajoseranieri.net.br/public_html/app_historia/inc_historia1.php on line 10
[26-May-2024 20:50:30 UTC] PHP Warning:  include(): Failed opening 'naveg_historia.php' for inclusion (include_path='.:/opt/alt/php80/usr/share/pear:/opt/alt/php80/usr/share/php:/usr/share/pear:/usr/share/php') in /home/u173063727/domains/escolajoseranieri.net.br/public_html/app_historia/inc_historia1.php on line 10
[26-May-2024 20:52:02 UTC] PHP Warning:  include(naveg_historia.php): Failed to open stream: No such file or directory in /home/u173063727/domains/escolajoseranieri.net.br/public_html/app_historia/inc_historia1.php on line 10
[26-May-2024 20:52:02 UTC] PHP Warning:  include(): Failed opening 'naveg_historia.php' for inclusion (include_path='.:/opt/alt/php80/usr/share/pear:/opt/alt/php80/usr/share/php:/usr/share/pear:/usr/share/php') in /home/u173063727/domains/escolajoseranieri.net.br/public_html/app_historia/inc_historia1.php on line 10
[26-May-2024 20:52:03 UTC] PHP Warning:  include(naveg_historia.php): Failed to open stream: No such file or directory in /home/u173063727/domains/escolajoseranieri.net.br/public_html/app_historia/inc_historia1.php on line 10
[26-May-2024 20:52:03 UTC] PHP Warning:  include(): Failed opening 'naveg_historia.php' for inclusion (include_path='.:/opt/alt/php80/usr/share/pear:/opt/alt/php80/usr/share/php:/usr/share/pear:/usr/share/php') in /home/u173063727/domains/escolajoseranieri.net.br/public_html/app_historia/inc_historia1.php on line 10
[26-May-2024 20:57:25 UTC] PHP Warning:  include(naveg_historia.php): Failed to open stream: No such file or directory in /home/u173063727/domains/escolajoseranieri.net.br/public_html/app_historia/inc_historia1.php on line 10
[26-May-2024 20:57:25 UTC] PHP Warning:  include(): Failed opening 'naveg_historia.php' for inclusion (include_path='.:/opt/alt/php80/usr/share/pear:/opt/alt/php80/usr/share/php:/usr/share/pear:/usr/share/php') in /home/u173063727/domains/escolajoseranieri.net.br/public_html/app_historia/inc_historia1.php on line 10
[26-May-2024 20:57:28 UTC] PHP Warning:  include(naveg_historia.php): Failed to open stream: No such file or directory in /home/u173063727/domains/escolajoseranieri.net.br/public_html/app_historia/inc_historia1.php on line 10
[26-May-2024 20:57:28 UTC] PHP Warning:  include(): Failed opening 'naveg_historia.php' for inclusion (include_path='.:/opt/alt/php80/usr/share/pear:/opt/alt/php80/usr/share/php:/usr/share/pear:/usr/share/php') in /home/u173063727/domains/escolajoseranieri.net.br/public_html/app_historia/inc_historia1.php on line 10
[26-May-2024 20:57:28 UTC] PHP Warning:  include(naveg_historia.php): Failed to open stream: No such file or directory in /home/u173063727/domains/escolajoseranieri.net.br/public_html/app_historia/inc_historia1.php on line 10
[26-May-2024 20:57:28 UTC] PHP Warning:  include(): Failed opening 'naveg_historia.php' for inclusion (include_path='.:/opt/alt/php80/usr/share/pear:/opt/alt/php80/usr/share/php:/usr/share/pear:/usr/share/php') in /home/u173063727/domains/escolajoseranieri.net.br/public_html/app_historia/inc_historia1.php on line 10
[26-May-2024 20:57:28 UTC] PHP Warning:  include(naveg_historia.php): Failed to open stream: No such file or directory in /home/u173063727/domains/escolajoseranieri.net.br/public_html/app_historia/inc_historia1.php on line 10
[26-May-2024 20:57:28 UTC] PHP Warning:  include(): Failed opening 'naveg_historia.php' for inclusion (include_path='.:/opt/alt/php80/usr/share/pear:/opt/alt/php80/usr/share/php:/usr/share/pear:/usr/share/php') in /home/u173063727/domains/escolajoseranieri.net.br/public_html/app_historia/inc_historia1.php on line 10
[26-May-2024 20:58:19 UTC] PHP Warning:  include(naveg_historia.php): Failed to open stream: No such file or directory in /home/u173063727/domains/escolajoseranieri.net.br/public_html/app_historia/inc_historia1.php on line 10
[26-May-2024 20:58:19 UTC] PHP Warning:  include(): Failed opening 'naveg_historia.php' for inclusion (include_path='.:/opt/alt/php80/usr/share/pear:/opt/alt/php80/usr/share/php:/usr/share/pear:/usr/share/php') in /home/u173063727/domains/escolajoseranieri.net.br/public_html/app_historia/inc_historia1.php on line 10
[26-May-2024 20:58:32 UTC] PHP Warning:  include(naveg_historia.php): Failed to open stream: No such file or directory in /home/u173063727/domains/escolajoseranieri.net.br/public_html/app_historia/inc_historia1.php on line 10
[26-May-2024 20:58:32 UTC] PHP Warning:  include(): Failed opening 'naveg_historia.php' for inclusion (include_path='.:/opt/alt/php80/usr/share/pear:/opt/alt/php80/usr/share/php:/usr/share/pear:/usr/share/php') in /home/u173063727/domains/escolajoseranieri.net.br/public_html/app_historia/inc_historia1.php on line 10
[26-May-2024 20:58:42 UTC] PHP Warning:  include(naveg_historia.php): Failed to open stream: No such file or directory in /home/u173063727/domains/escolajoseranieri.net.br/public_html/app_historia/inc_historia1.php on line 10
[26-May-2024 20:58:42 UTC] PHP Warning:  include(): Failed opening 'naveg_historia.php' for inclusion (include_path='.:/opt/alt/php80/usr/share/pear:/opt/alt/php80/usr/share/php:/usr/share/pear:/usr/share/php') in /home/u173063727/domains/escolajoseranieri.net.br/public_html/app_historia/inc_historia1.php on line 10
[26-May-2024 20:59:22 UTC] PHP Warning:  include(naveg_historia.php): Failed to open stream: No such file or directory in /home/u173063727/domains/escolajoseranieri.net.br/public_html/app_historia/inc_historia1.php on line 10
[26-May-2024 20:59:22 UTC] PHP Warning:  include(): Failed opening 'naveg_historia.php' for inclusion (include_path='.:/opt/alt/php80/usr/share/pear:/opt/alt/php80/usr/share/php:/usr/share/pear:/usr/share/php') in /home/u173063727/domains/escolajoseranieri.net.br/public_html/app_historia/inc_historia1.php on line 10
[26-May-2024 21:10:41 UTC] PHP Warning:  include(naveg_historia.php): Failed to open stream: No such file or directory in /home/u173063727/domains/escolajoseranieri.net.br/public_html/app_historia/inc_historia1.php on line 10
[26-May-2024 21:10:41 UTC] PHP Warning:  include(): Failed opening 'naveg_historia.php' for inclusion (include_path='.:/opt/alt/php80/usr/share/pear:/opt/alt/php80/usr/share/php:/usr/share/pear:/usr/share/php') in /home/u173063727/domains/escolajoseranieri.net.br/public_html/app_historia/inc_historia1.php on line 10
[26-May-2024 21:10:49 UTC] PHP Warning:  include(naveg_historia.php): Failed to open stream: No such file or directory in /home/u173063727/domains/escolajoseranieri.net.br/public_html/app_historia/inc_historia1.php on line 10
[26-May-2024 21:10:49 UTC] PHP Warning:  include(): Failed opening 'naveg_historia.php' for inclusion (include_path='.:/opt/alt/php80/usr/share/pear:/opt/alt/php80/usr/share/php:/usr/share/pear:/usr/share/php') in /home/u173063727/domains/escolajoseranieri.net.br/public_html/app_historia/inc_historia1.php on line 10
[26-May-2024 21:11:03 UTC] PHP Warning:  include(naveg_historia.php): Failed to open stream: No such file or directory in /home/u173063727/domains/escolajoseranieri.net.br/public_html/app_historia/inc_historia1.php on line 10
[26-May-2024 21:11:03 UTC] PHP Warning:  include(): Failed opening 'naveg_historia.php' for inclusion (include_path='.:/opt/alt/php80/usr/share/pear:/opt/alt/php80/usr/share/php:/usr/share/pear:/usr/share/php') in /home/u173063727/domains/escolajoseranieri.net.br/public_html/app_historia/inc_historia1.php on line 10
[26-May-2024 21:16:18 UTC] PHP Warning:  include(naveg_historia.php): Failed to open stream: No such file or directory in /home/u173063727/domains/escolajoseranieri.net.br/public_html/app_historia/inc_historia1.php on line 10
[26-May-2024 21:16:18 UTC] PHP Warning:  include(): Failed opening 'naveg_historia.php' for inclusion (include_path='.:/opt/alt/php80/usr/share/pear:/opt/alt/php80/usr/share/php:/usr/share/pear:/usr/share/php') in /home/u173063727/domains/escolajoseranieri.net.br/public_html/app_historia/inc_historia1.php on line 10
[26-May-2024 21:16:45 UTC] PHP Warning:  include(naveg_historia.php): Failed to open stream: No such file or directory in /home/u173063727/domains/escolajoseranieri.net.br/public_html/app_historia/inc_historia1.php on line 10
[26-May-2024 21:16:45 UTC] PHP Warning:  include(): Failed opening 'naveg_historia.php' for inclusion (include_path='.:/opt/alt/php80/usr/share/pear:/opt/alt/php80/usr/share/php:/usr/share/pear:/usr/share/php') in /home/u173063727/domains/escolajoseranieri.net.br/public_html/app_historia/inc_historia1.php on line 10
[26-May-2024 21:17:21 UTC] PHP Warning:  include(naveg_historia.php): Failed to open stream: No such file or directory in /home/u173063727/domains/escolajoseranieri.net.br/public_html/app_historia/inc_historia1.php on line 10
[26-May-2024 21:17:21 UTC] PHP Warning:  include(): Failed opening 'naveg_historia.php' for inclusion (include_path='.:/opt/alt/php80/usr/share/pear:/opt/alt/php80/usr/share/php:/usr/share/pear:/usr/share/php') in /home/u173063727/domains/escolajoseranieri.net.br/public_html/app_historia/inc_historia1.php on line 10
[26-May-2024 21:17:36 UTC] PHP Warning:  include(naveg_historia.php): Failed to open stream: No such file or directory in /home/u173063727/domains/escolajoseranieri.net.br/public_html/app_historia/inc_historia1.php on line 10
[26-May-2024 21:17:36 UTC] PHP Warning:  include(): Failed opening 'naveg_historia.php' for inclusion (include_path='.:/opt/alt/php80/usr/share/pear:/opt/alt/php80/usr/share/php:/usr/share/pear:/usr/share/php') in /home/u173063727/domains/escolajoseranieri.net.br/public_html/app_historia/inc_historia1.php on line 10
[26-May-2024 21:23:10 UTC] PHP Warning:  include(naveg_historia.php): Failed to open stream: No such file or directory in /home/u173063727/domains/escolajoseranieri.net.br/public_html/app_historia/inc_historia1.php on line 10
[26-May-2024 21:23:10 UTC] PHP Warning:  include(): Failed opening 'naveg_historia.php' for inclusion (include_path='.:/opt/alt/php80/usr/share/pear:/opt/alt/php80/usr/share/php:/usr/share/pear:/usr/share/php') in /home/u173063727/domains/escolajoseranieri.net.br/public_html/app_historia/inc_historia1.php on line 10
[26-May-2024 21:27:20 UTC] PHP Warning:  include(naveg_historia.php): Failed to open stream: No such file or directory in /home/u173063727/domains/escolajoseranieri.net.br/public_html/app_historia/inc_historia1.php on line 10
[26-May-2024 21:27:20 UTC] PHP Warning:  include(): Failed opening 'naveg_historia.php' for inclusion (include_path='.:/opt/alt/php80/usr/share/pear:/opt/alt/php80/usr/share/php:/usr/share/pear:/usr/share/php') in /home/u173063727/domains/escolajoseranieri.net.br/public_html/app_historia/inc_historia1.php on line 10
[26-May-2024 21:29:59 UTC] PHP Warning:  include(naveg_historia.php): Failed to open stream: No such file or directory in /home/u173063727/domains/escolajoseranieri.net.br/public_html/app_historia/inc_historia1.php on line 13
[26-May-2024 21:29:59 UTC] PHP Warning:  include(): Failed opening 'naveg_historia.php' for inclusion (include_path='.:/opt/alt/php80/usr/share/pear:/opt/alt/php80/usr/share/php:/usr/share/pear:/usr/share/php') in /home/u173063727/domains/escolajoseranieri.net.br/public_html/app_historia/inc_historia1.php on line 13
[26-May-2024 21:30:51 UTC] PHP Warning:  include(naveg_historia.php): Failed to open stream: No such file or directory in /home/u173063727/domains/escolajoseranieri.net.br/public_html/app_historia/inc_historia1.php on line 15
[26-May-2024 21:30:51 UTC] PHP Warning:  include(): Failed opening 'naveg_historia.php' for inclusion (include_path='.:/opt/alt/php80/usr/share/pear:/opt/alt/php80/usr/share/php:/usr/share/pear:/usr/share/php') in /home/u173063727/domains/escolajoseranieri.net.br/public_html/app_historia/inc_historia1.php on line 15
[26-May-2024 21:31:20 UTC] PHP Warning:  include(naveg_historia.php): Failed to open stream: No such file or directory in /home/u173063727/domains/escolajoseranieri.net.br/public_html/app_historia/inc_historia1.php on line 15
[26-May-2024 21:31:20 UTC] PHP Warning:  include(): Failed opening 'naveg_historia.php' for inclusion (include_path='.:/opt/alt/php80/usr/share/pear:/opt/alt/php80/usr/share/php:/usr/share/pear:/usr/share/php') in /home/u173063727/domains/escolajoseranieri.net.br/public_html/app_historia/inc_historia1.php on line 15
[26-May-2024 21:31:36 UTC] PHP Warning:  include(naveg_historia.php): Failed to open stream: No such file or directory in /home/u173063727/domains/escolajoseranieri.net.br/public_html/app_historia/inc_historia1.php on line 15
[26-May-2024 21:31:36 UTC] PHP Warning:  include(): Failed opening 'naveg_historia.php' for inclusion (include_path='.:/opt/alt/php80/usr/share/pear:/opt/alt/php80/usr/share/php:/usr/share/pear:/usr/share/php') in /home/u173063727/domains/escolajoseranieri.net.br/public_html/app_historia/inc_historia1.php on line 15
[29-May-2024 22:42:29 UTC] PHP Warning:  Undefined variable $current_page in /home/u173063727/domains/escolajoseranieri.net.br/public_html/includes/navbar/navbar.php on line 5
[29-May-2024 22:42:29 UTC] PHP Warning:  Undefined variable $current_page in /home/u173063727/domains/escolajoseranieri.net.br/public_html/includes/navbar/navbar.php on line 6
[29-May-2024 22:42:31 UTC] PHP Warning:  Undefined variable $current_page in /home/u173063727/domains/escolajoseranieri.net.br/public_html/includes/navbar/navbar.php on line 5
[29-May-2024 22:42:31 UTC] PHP Warning:  Undefined variable $current_page in /home/u173063727/domains/escolajoseranieri.net.br/public_html/includes/navbar/navbar.php on line 6
[29-May-2024 22:42:33 UTC] PHP Warning:  Undefined variable $current_page in /home/u173063727/domains/escolajoseranieri.net.br/public_html/includes/navbar/navbar.php on line 5
[29-May-2024 22:42:33 UTC] PHP Warning:  Undefined variable $current_page in /home/u173063727/domains/escolajoseranieri.net.br/public_html/includes/navbar/navbar.php on line 6
[29-May-2024 22:42:34 UTC] PHP Warning:  Undefined variable $current_page in /home/u173063727/domains/escolajoseranieri.net.br/public_html/includes/navbar/navbar.php on line 5
[29-May-2024 22:42:34 UTC] PHP Warning:  Undefined variable $current_page in /home/u173063727/domains/escolajoseranieri.net.br/public_html/includes/navbar/navbar.php on line 6
[29-May-2024 22:42:34 UTC] PHP Warning:  Undefined variable $current_page in /home/u173063727/domains/escolajoseranieri.net.br/public_html/includes/navbar/navbar.php on line 5
[29-May-2024 22:42:34 UTC] PHP Warning:  Undefined variable $current_page in /home/u173063727/domains/escolajoseranieri.net.br/public_html/includes/navbar/navbar.php on line 6
[29-May-2024 22:42:34 UTC] PHP Warning:  Undefined variable $current_page in /home/u173063727/domains/escolajoseranieri.net.br/public_html/includes/navbar/navbar.php on line 5
[29-May-2024 22:42:34 UTC] PHP Warning:  Undefined variable $current_page in /home/u173063727/domains/escolajoseranieri.net.br/public_html/includes/navbar/navbar.php on line 6
[29-May-2024 22:42:34 UTC] PHP Warning:  Undefined variable $current_page in /home/u173063727/domains/escolajoseranieri.net.br/public_html/includes/navbar/navbar.php on line 5
[29-May-2024 22:42:34 UTC] PHP Warning:  Undefined variable $current_page in /home/u173063727/domains/escolajoseranieri.net.br/public_html/includes/navbar/navbar.php on line 6
[29-May-2024 22:42:39 UTC] PHP Warning:  Undefined variable $current_page in /home/u173063727/domains/escolajoseranieri.net.br/public_html/includes/navbar/navbar.php on line 5
[29-May-2024 22:42:39 UTC] PHP Warning:  Undefined variable $current_page in /home/u173063727/domains/escolajoseranieri.net.br/public_html/includes/navbar/navbar.php on line 6
[29-May-2024 22:42:39 UTC] PHP Warning:  Undefined variable $current_page in /home/u173063727/domains/escolajoseranieri.net.br/public_html/includes/navbar/navbar.php on line 5
[29-May-2024 22:42:39 UTC] PHP Warning:  Undefined variable $current_page in /home/u173063727/domains/escolajoseranieri.net.br/public_html/includes/navbar/navbar.php on line 6
[29-May-2024 22:42:39 UTC] PHP Warning:  Undefined variable $current_page in /home/u173063727/domains/escolajoseranieri.net.br/public_html/includes/navbar/navbar.php on line 5
[29-May-2024 22:42:39 UTC] PHP Warning:  Undefined variable $current_page in /home/u173063727/domains/escolajoseranieri.net.br/public_html/includes/navbar/navbar.php on line 6
[29-May-2024 22:42:39 UTC] PHP Warning:  Undefined variable $current_page in /home/u173063727/domains/escolajoseranieri.net.br/public_html/includes/navbar/navbar.php on line 5
[29-May-2024 22:42:39 UTC] PHP Warning:  Undefined variable $current_page in /home/u173063727/domains/escolajoseranieri.net.br/public_html/includes/navbar/navbar.php on line 6
[29-May-2024 22:42:39 UTC] PHP Warning:  Undefined variable $current_page in /home/u173063727/domains/escolajoseranieri.net.br/public_html/includes/navbar/navbar.php on line 5
[29-May-2024 22:42:39 UTC] PHP Warning:  Undefined variable $current_page in /home/u173063727/domains/escolajoseranieri.net.br/public_html/includes/navbar/navbar.php on line 6
[29-May-2024 22:42:40 UTC] PHP Warning:  Undefined variable $current_page in /home/u173063727/domains/escolajoseranieri.net.br/public_html/includes/navbar/navbar.php on line 5
[29-May-2024 22:42:40 UTC] PHP Warning:  Undefined variable $current_page in /home/u173063727/domains/escolajoseranieri.net.br/public_html/includes/navbar/navbar.php on line 6
[29-May-2024 22:42:40 UTC] PHP Warning:  Undefined variable $current_page in /home/u173063727/domains/escolajoseranieri.net.br/public_html/includes/navbar/navbar.php on line 5
[29-May-2024 22:42:40 UTC] PHP Warning:  Undefined variable $current_page in /home/u173063727/domains/escolajoseranieri.net.br/public_html/includes/navbar/navbar.php on line 6
[29-May-2024 22:42:40 UTC] PHP Warning:  Undefined variable $current_page in /home/u173063727/domains/escolajoseranieri.net.br/public_html/includes/navbar/navbar.php on line 5
[29-May-2024 22:42:40 UTC] PHP Warning:  Undefined variable $current_page in /home/u173063727/domains/escolajoseranieri.net.br/public_html/includes/navbar/navbar.php on line 6
[29-May-2024 22:42:40 UTC] PHP Warning:  Undefined variable $current_page in /home/u173063727/domains/escolajoseranieri.net.br/public_html/includes/navbar/navbar.php on line 5
[29-May-2024 22:42:40 UTC] PHP Warning:  Undefined variable $current_page in /home/u173063727/domains/escolajoseranieri.net.br/public_html/includes/navbar/navbar.php on line 6
[29-May-2024 22:42:40 UTC] PHP Warning:  Undefined variable $current_page in /home/u173063727/domains/escolajoseranieri.net.br/public_html/includes/navbar/navbar.php on line 5
[29-May-2024 22:42:40 UTC] PHP Warning:  Undefined variable $current_page in /home/u173063727/domains/escolajoseranieri.net.br/public_html/includes/navbar/navbar.php on line 6
[29-May-2024 22:42:41 UTC] PHP Warning:  Undefined variable $current_page in /home/u173063727/domains/escolajoseranieri.net.br/public_html/includes/navbar/navbar.php on line 5
[29-May-2024 22:42:41 UTC] PHP Warning:  Undefined variable $current_page in /home/u173063727/domains/escolajoseranieri.net.br/public_html/includes/navbar/navbar.php on line 6
[29-May-2024 22:42:47 UTC] PHP Warning:  Undefined variable $current_page in /home/u173063727/domains/escolajoseranieri.net.br/public_html/includes/navbar/navbar.php on line 5
[29-May-2024 22:42:47 UTC] PHP Warning:  Undefined variable $current_page in /home/u173063727/domains/escolajoseranieri.net.br/public_html/includes/navbar/navbar.php on line 6
[29-May-2024 22:42:49 UTC] PHP Warning:  Undefined variable $current_page in /home/u173063727/domains/escolajoseranieri.net.br/public_html/includes/navbar/navbar.php on line 5
[29-May-2024 22:42:49 UTC] PHP Warning:  Undefined variable $current_page in /home/u173063727/domains/escolajoseranieri.net.br/public_html/includes/navbar/navbar.php on line 6
[29-May-2024 22:42:50 UTC] PHP Warning:  Undefined variable $current_page in /home/u173063727/domains/escolajoseranieri.net.br/public_html/includes/navbar/navbar.php on line 5
[29-May-2024 22:42:50 UTC] PHP Warning:  Undefined variable $current_page in /home/u173063727/domains/escolajoseranieri.net.br/public_html/includes/navbar/navbar.php on line 6
[29-May-2024 22:42:53 UTC] PHP Warning:  Undefined variable $current_page in /home/u173063727/domains/escolajoseranieri.net.br/public_html/includes/navbar/navbar.php on line 5
[29-May-2024 22:42:53 UTC] PHP Warning:  Undefined variable $current_page in /home/u173063727/domains/escolajoseranieri.net.br/public_html/includes/navbar/navbar.php on line 6
[29-May-2024 22:43:00 UTC] PHP Warning:  Undefined variable $current_page in /home/u173063727/domains/escolajoseranieri.net.br/public_html/includes/navbar/navbar.php on line 5
[29-May-2024 22:43:00 UTC] PHP Warning:  Undefined variable $current_page in /home/u173063727/domains/escolajoseranieri.net.br/public_html/includes/navbar/navbar.php on line 6
[30-May-2024 03:56:15 UTC] PHP Warning:  Undefined variable $current_page in /home/u173063727/domains/escolajoseranieri.net.br/public_html/includes/navbar/navbar.php on line 5
[30-May-2024 03:56:15 UTC] PHP Warning:  Undefined variable $current_page in /home/u173063727/domains/escolajoseranieri.net.br/public_html/includes/navbar/navbar.php on line 6
[30-May-2024 09:45:29 UTC] PHP Warning:  Undefined variable $current_page in /home/u173063727/domains/escolajoseranieri.net.br/public_html/includes/navbar/navbar.php on line 5
[30-May-2024 09:45:29 UTC] PHP Warning:  Undefined variable $current_page in /home/u173063727/domains/escolajoseranieri.net.br/public_html/includes/navbar/navbar.php on line 6
[30-May-2024 13:52:15 UTC] PHP Warning:  Undefined variable $current_page in /home/u173063727/domains/escolajoseranieri.net.br/public_html/includes/navbar/navbar.php on line 5
[30-May-2024 13:52:15 UTC] PHP Warning:  Undefined variable $current_page in /home/u173063727/domains/escolajoseranieri.net.br/public_html/includes/navbar/navbar.php on line 6
[30-May-2024 13:52:22 UTC] PHP Warning:  Undefined variable $current_page in /home/u173063727/domains/escolajoseranieri.net.br/public_html/includes/navbar/navbar.php on line 5
[30-May-2024 13:52:22 UTC] PHP Warning:  Undefined variable $current_page in /home/u173063727/domains/escolajoseranieri.net.br/public_html/includes/navbar/navbar.php on line 6
[30-May-2024 13:52:33 UTC] PHP Warning:  Undefined variable $current_page in /home/u173063727/domains/escolajoseranieri.net.br/public_html/includes/navbar/navbar.php on line 5
[30-May-2024 13:52:33 UTC] PHP Warning:  Undefined variable $current_page in /home/u173063727/domains/escolajoseranieri.net.br/public_html/includes/navbar/navbar.php on line 6
[30-May-2024 15:46:53 UTC] PHP Warning:  Undefined variable $current_page in /home/u173063727/domains/escolajoseranieri.net.br/public_html/includes/navbar/navbar.php on line 5
[30-May-2024 15:46:53 UTC] PHP Warning:  Undefined variable $current_page in /home/u173063727/domains/escolajoseranieri.net.br/public_html/includes/navbar/navbar.php on line 6
[30-May-2024 15:47:21 UTC] PHP Warning:  Undefined variable $current_page in /home/u173063727/domains/escolajoseranieri.net.br/public_html/includes/navbar/navbar.php on line 5
[30-May-2024 15:47:21 UTC] PHP Warning:  Undefined variable $current_page in /home/u173063727/domains/escolajoseranieri.net.br/public_html/includes/navbar/navbar.php on line 6
[30-May-2024 15:47:26 UTC] PHP Warning:  Undefined variable $current_page in /home/u173063727/domains/escolajoseranieri.net.br/public_html/includes/navbar/navbar.php on line 5
[30-May-2024 15:47:26 UTC] PHP Warning:  Undefined variable $current_page in /home/u173063727/domains/escolajoseranieri.net.br/public_html/includes/navbar/navbar.php on line 6
[30-May-2024 15:49:04 UTC] PHP Warning:  Undefined variable $current_page in /home/u173063727/domains/escolajoseranieri.net.br/public_html/includes/navbar/navbar.php on line 5
[30-May-2024 15:49:04 UTC] PHP Warning:  Undefined variable $current_page in /home/u173063727/domains/escolajoseranieri.net.br/public_html/includes/navbar/navbar.php on line 6
[30-May-2024 15:49:10 UTC] PHP Warning:  Undefined variable $current_page in /home/u173063727/domains/escolajoseranieri.net.br/public_html/includes/navbar/navbar.php on line 5
[30-May-2024 15:49:10 UTC] PHP Warning:  Undefined variable $current_page in /home/u173063727/domains/escolajoseranieri.net.br/public_html/includes/navbar/navbar.php on line 6
